<?xml version="1.0" encoding="UTF-8"?>
<testng-results skipped="0" failed="0" total="1" passed="1">
  <reporter-output>
  </reporter-output>
  <suite name="Default suite" duration-ms="14837" started-at="2017-11-23T08:41:39Z" finished-at="2017-11-23T08:41:54Z">
    <groups>
    </groups>
    <test name="Default test" duration-ms="14837" started-at="2017-11-23T08:41:39Z" finished-at="2017-11-23T08:41:54Z">
      <class name="raj.maven.testexecution">
        <test-method status="PASS" signature="vtest()[pri:1, instance:raj.maven.testexecution@14b1c02]" name="vtest" duration-ms="14799" started-at="2017-11-23T14:11:39Z" finished-at="2017-11-23T14:11:54Z">
          <reporter-output>
          </reporter-output>
        </test-method> <!-- vtest -->
      </class> <!-- raj.maven.testexecution -->
    </test> <!-- Default test -->
  </suite> <!-- Default suite -->
</testng-results>
